<?xml version="1.0" encoding="UTF-8"?>
<!-- Generated by org.testng.reporters.JUnitReportReporter -->
<testsuite hostname="LAPTOP-RAQOTQJ9" failures="0" tests="2" name="Tests.LaunchPageTest" time="43.437" errors="0" timestamp="2024-09-23T12:00:36 BDT" skipped="0">
  <testcase classname="Tests.LaunchPageTest" name="buyTicket" time="17.342"/>
  <testcase classname="Tests.LaunchPageTest" name="buyTrainTicket" time="26.095"/>
</testsuite> <!-- Tests.LaunchPageTest -->
